<?xml version="1.0" encoding="utf-8"?><testsuites><testsuite name="pytest" errors="0" failures="0" skipped="0" tests="5" time="2.980" timestamp="2020-11-14T14:40:40.625474" hostname="sovie"><testcase classname="test.test_app.UnitTest" name="test_get_status_200" time="0.010" /><testcase classname="test.test_app.UnitTest" name="test_get_voter_id_cookie" time="1.070" /><testcase classname="test.test_app.UnitTest" name="test_post_status_200" time="0.942" /><testcase classname="test.test_app.UnitTest" name="test_post_status_400" time="0.002" /><testcase classname="test.test_app.UnitTest" name="test_set_new_cookie" time="0.817" /></testsuite></testsuites>